0 info it worked if it ends with ok
1 verbose cli [ 'node', '/usr/local/bin/npm', 'install', 'ng-animate' ]
2 info using npm@1.4.14
3 info using node@v0.10.29
4 verbose readDependencies using package.json deps
5 verbose cache add [ 'ng-animate', null ]
6 verbose cache add name=undefined spec="ng-animate" args=["ng-animate",null]
7 verbose parsed url { protocol: null,
7 verbose parsed url   slashes: null,
7 verbose parsed url   auth: null,
7 verbose parsed url   host: null,
7 verbose parsed url   port: null,
7 verbose parsed url   hostname: null,
7 verbose parsed url   hash: null,
7 verbose parsed url   search: null,
7 verbose parsed url   query: null,
7 verbose parsed url   pathname: 'ng-animate',
7 verbose parsed url   path: 'ng-animate',
7 verbose parsed url   href: 'ng-animate' }
8 silly lockFile c6902084-ng-animate ng-animate
9 verbose lock ng-animate /Users/Charles/.npm/c6902084-ng-animate.lock
10 silly lockFile c6902084-ng-animate ng-animate
11 silly lockFile c6902084-ng-animate ng-animate
12 verbose addNamed [ 'ng-animate', '' ]
13 verbose addNamed [ null, '*' ]
14 silly lockFile 63950807-ng-animate ng-animate@
15 verbose lock ng-animate@ /Users/Charles/.npm/63950807-ng-animate.lock
16 silly addNameRange { name: 'ng-animate', range: '*', hasData: false }
17 verbose url raw ng-animate
18 verbose url resolving [ 'https://registry.npmjs.org/', './ng-animate' ]
19 verbose url resolved https://registry.npmjs.org/ng-animate
20 info trying registry request attempt 1 at 10:38:55
21 http GET https://registry.npmjs.org/ng-animate
22 http 404 https://registry.npmjs.org/ng-animate
23 verbose headers { date: 'Wed, 24 Sep 2014 14:38:56 GMT',
23 verbose headers   server: 'CouchDB/1.5.0 (Erlang OTP/R16B03)',
23 verbose headers   'content-type': 'application/json',
23 verbose headers   'cache-control': 'max-age=0',
23 verbose headers   'content-length': '52',
23 verbose headers   'accept-ranges': 'bytes',
23 verbose headers   via: '1.1 varnish',
23 verbose headers   'x-served-by': 'cache-jfk1030-JFK',
23 verbose headers   'x-cache': 'MISS',
23 verbose headers   'x-cache-hits': '0',
23 verbose headers   'x-timer': 'S1411569536.281995,VS0,VE85',
23 verbose headers   'keep-alive': 'timeout=10, max=50',
23 verbose headers   connection: 'Keep-Alive' }
24 silly registry.get cb [ 404,
24 silly registry.get   { date: 'Wed, 24 Sep 2014 14:38:56 GMT',
24 silly registry.get     server: 'CouchDB/1.5.0 (Erlang OTP/R16B03)',
24 silly registry.get     'content-type': 'application/json',
24 silly registry.get     'cache-control': 'max-age=0',
24 silly registry.get     'content-length': '52',
24 silly registry.get     'accept-ranges': 'bytes',
24 silly registry.get     via: '1.1 varnish',
24 silly registry.get     'x-served-by': 'cache-jfk1030-JFK',
24 silly registry.get     'x-cache': 'MISS',
24 silly registry.get     'x-cache-hits': '0',
24 silly registry.get     'x-timer': 'S1411569536.281995,VS0,VE85',
24 silly registry.get     'keep-alive': 'timeout=10, max=50',
24 silly registry.get     connection: 'Keep-Alive' } ]
25 silly lockFile 63950807-ng-animate ng-animate@
26 silly lockFile 63950807-ng-animate ng-animate@
27 error 404 404 Not Found: ng-animate
27 error 404
27 error 404 'ng-animate' is not in the npm registry.
27 error 404 You should bug the author to publish it
27 error 404 It was specified as a dependency of 'restaurantour'
27 error 404
27 error 404 Note that you can also install from a
27 error 404 tarball, folder, or http url, or git url.
28 error System Darwin 13.3.0
29 error command "node" "/usr/local/bin/npm" "install" "ng-animate"
30 error cwd /Users/Charles/Desktop/finalProject/restaurantour
31 error node -v v0.10.29
32 error npm -v 1.4.14
33 error code E404
34 verbose exit [ 1, true ]
